This file contains any messages produced by compilers while
running configure, to aid debugging if configure makes a mistake.

It was created by fuse_dfs configure 0.1.0, which was
generated by GNU Autoconf 2.59.  Invocation command line was

  $ ./configure 

## --------- ##
## Platform. ##
## --------- ##

hostname = login-0-5.local
uname -m = x86_64
uname -r = 2.6.22.19
uname -s = Linux
uname -v = #1 SMP Tue Jul 8 11:08:13 EDT 2008

/usr/bin/uname -p = unknown
/bin/uname -X     = unknown

/bin/arch              = x86_64
/usr/bin/arch -k       = unknown
/usr/convex/getsysinfo = unknown
hostinfo               = unknown
/bin/machine           = unknown
/usr/bin/oslevel       = unknown
/bin/universe          = unknown

PATH: /home/gridsan/hadoop/java/latest/bin
PATH: /home/gridsan/hadoop/hadoop/bin
PATH: /home/gridsan/hadoop/hadoop/contrib/hod/bin
PATH: /home/gridsan/hadoop/bin
PATH: /home/gridsan/hadoop/python/bin
PATH: /home/gridsan/hadoop/python/sbin
PATH: /bin
PATH: /sbin
PATH: /usr/bin
PATH: /usr/sbin
PATH: /usr/local/bin
PATH: /usr/local/sbin


## ----------- ##
## Core tests. ##
## ----------- ##

configure:1366: checking build system type
configure:1384: result: x86_64-unknown-linux-gnu
configure:1392: checking host system type
configure:1406: result: x86_64-unknown-linux-gnu
configure:1414: checking target system type
configure:1428: result: x86_64-unknown-linux-gnu
configure:1456: checking for a BSD-compatible install
configure:1511: result: /usr/bin/install -c
configure:1522: checking whether build environment is sane
configure:1565: result: yes
configure:1630: checking for gawk
configure:1646: found /bin/gawk
configure:1656: result: gawk
configure:1666: checking whether make sets $(MAKE)
configure:1686: result: yes
configure:1716: checking for style of include used by make
configure:1744: result: GNU
configure:1965: checking for gcc
configure:1981: found /usr/bin/gcc
configure:1991: result: gcc
configure:2235: checking for C compiler version
configure:2238: gcc --version </dev/null >&5
gcc (GCC) 4.1.2 20070626 (Red Hat 4.1.2-14)
Copyright (C) 2006 Free Software Foundation, Inc.
This is free software; see the source for copying conditions.  There is NO
warranty; not even for MERCHANTABILITY or FITNESS FOR A PARTICULAR PURPOSE.

configure:2241: $? = 0
configure:2243: gcc -v </dev/null >&5
Using built-in specs.
Target: x86_64-redhat-linux
Configured with: ../configure --prefix=/usr --mandir=/usr/share/man --infodir=/usr/share/info --enable-shared --enable-threads=posix --enable-checking=release --with-system-zlib --enable-__cxa_atexit --disable-libunwind-exceptions --enable-libgcj-multifile --enable-languages=c,c++,objc,obj-c++,java,fortran,ada --enable-java-awt=gtk --disable-dssi --enable-plugin --with-java-home=/usr/lib/jvm/java-1.4.2-gcj-1.4.2.0/jre --with-cpu=generic --host=x86_64-redhat-linux
Thread model: posix
gcc version 4.1.2 20070626 (Red Hat 4.1.2-14)
configure:2246: $? = 0
configure:2248: gcc -V </dev/null >&5
gcc: '-V' option must have argument
configure:2251: $? = 1
configure:2274: checking for C compiler default output file name
configure:2277: gcc    conftest.c  >&5
configure:2280: $? = 0
configure:2326: result: a.out
configure:2331: checking whether the C compiler works
configure:2337: ./a.out
configure:2340: $? = 0
configure:2357: result: yes
configure:2364: checking whether we are cross compiling
configure:2366: result: no
configure:2369: checking for suffix of executables
configure:2371: gcc -o conftest    conftest.c  >&5
configure:2374: $? = 0
configure:2399: result: 
configure:2405: checking for suffix of object files
configure:2426: gcc -c   conftest.c >&5
configure:2429: $? = 0
configure:2451: result: o
configure:2455: checking whether we are using the GNU C compiler
configure:2479: gcc -c   conftest.c >&5
configure:2485: $? = 0
configure:2489: test -z 
			 || test ! -s conftest.err
configure:2492: $? = 0
configure:2495: test -s conftest.o
configure:2498: $? = 0
configure:2511: result: yes
configure:2517: checking whether gcc accepts -g
configure:2538: gcc -c -g  conftest.c >&5
configure:2544: $? = 0
configure:2548: test -z 
			 || test ! -s conftest.err
configure:2551: $? = 0
configure:2554: test -s conftest.o
configure:2557: $? = 0
configure:2568: result: yes
configure:2585: checking for gcc option to accept ANSI C
configure:2655: gcc  -c -g -O2  conftest.c >&5
configure:2661: $? = 0
configure:2665: test -z 
			 || test ! -s conftest.err
configure:2668: $? = 0
configure:2671: test -s conftest.o
configure:2674: $? = 0
configure:2692: result: none needed
configure:2710: gcc -c -g -O2  conftest.c >&5
conftest.c:2: error: expected '=', ',', ';', 'asm' or '__attribute__' before 'me'
configure:2716: $? = 1
configure: failed program was:
| #ifndef __cplusplus
|   choke me
| #endif
configure:2851: checking dependency style of gcc
configure:2941: result: gcc3
configure:3010: checking for g++
configure:3026: found /usr/bin/g++
configure:3036: result: g++
configure:3052: checking for C++ compiler version
configure:3055: g++ --version </dev/null >&5
g++ (GCC) 4.1.2 20070626 (Red Hat 4.1.2-14)
Copyright (C) 2006 Free Software Foundation, Inc.
This is free software; see the source for copying conditions.  There is NO
warranty; not even for MERCHANTABILITY or FITNESS FOR A PARTICULAR PURPOSE.

configure:3058: $? = 0
configure:3060: g++ -v </dev/null >&5
Using built-in specs.
Target: x86_64-redhat-linux
Configured with: ../configure --prefix=/usr --mandir=/usr/share/man --infodir=/usr/share/info --enable-shared --enable-threads=posix --enable-checking=release --with-system-zlib --enable-__cxa_atexit --disable-libunwind-exceptions --enable-libgcj-multifile --enable-languages=c,c++,objc,obj-c++,java,fortran,ada --enable-java-awt=gtk --disable-dssi --enable-plugin --with-java-home=/usr/lib/jvm/java-1.4.2-gcj-1.4.2.0/jre --with-cpu=generic --host=x86_64-redhat-linux
Thread model: posix
gcc version 4.1.2 20070626 (Red Hat 4.1.2-14)
configure:3063: $? = 0
configure:3065: g++ -V </dev/null >&5
g++: '-V' option must have argument
configure:3068: $? = 1
configure:3071: checking whether we are using the GNU C++ compiler
configure:3095: g++ -c   conftest.cc >&5
configure:3101: $? = 0
configure:3105: test -z 
			 || test ! -s conftest.err
configure:3108: $? = 0
configure:3111: test -s conftest.o
configure:3114: $? = 0
configure:3127: result: yes
configure:3133: checking whether g++ accepts -g
configure:3154: g++ -c -g  conftest.cc >&5
configure:3160: $? = 0
configure:3164: test -z 
			 || test ! -s conftest.err
configure:3167: $? = 0
configure:3170: test -s conftest.o
configure:3173: $? = 0
configure:3184: result: yes
configure:3226: g++ -c -g -O2  conftest.cc >&5
configure:3232: $? = 0
configure:3236: test -z 
			 || test ! -s conftest.err
configure:3239: $? = 0
configure:3242: test -s conftest.o
configure:3245: $? = 0
configure:3271: g++ -c -g -O2  conftest.cc >&5
conftest.cc: In function 'int main()':
conftest.cc:13: error: 'exit' was not declared in this scope
configure:3277: $? = 1
configure: failed program was:
| /* confdefs.h.  */
| 
| #define PACKAGE_NAME "fuse_dfs"
| #define PACKAGE_TARNAME "fuse_dfs"
| #define PACKAGE_VERSION "0.1.0"
| #define PACKAGE_STRING "fuse_dfs 0.1.0"
| #define PACKAGE_BUGREPORT ""
| /* end confdefs.h.  */
| 
| int
| main ()
| {
| exit (42);
|   ;
|   return 0;
| }
configure:3226: g++ -c -g -O2  conftest.cc >&5
configure:3232: $? = 0
configure:3236: test -z 
			 || test ! -s conftest.err
configure:3239: $? = 0
configure:3242: test -s conftest.o
configure:3245: $? = 0
configure:3271: g++ -c -g -O2  conftest.cc >&5
configure:3277: $? = 0
configure:3281: test -z 
			 || test ! -s conftest.err
configure:3284: $? = 0
configure:3287: test -s conftest.o
configure:3290: $? = 0
configure:3315: checking dependency style of g++
configure:3405: result: gcc3
configure:3463: checking for ranlib
configure:3479: found /usr/bin/ranlib
configure:3490: result: ranlib
configure:3506: checking for bash
configure:3536: result: /bin/sh
configure:3550: checking for perl
configure:3568: found /usr/bin/perl
configure:3580: result: /usr/bin/perl
configure:3594: checking for python
configure:3612: found /home/gridsan/hadoop/python/bin/python
configure:3624: result: /home/gridsan/hadoop/python/bin/python
configure:3638: checking for ar
configure:3656: found /usr/bin/ar
configure:3668: result: /usr/bin/ar
configure:3682: checking for ant
configure:3715: result: no
configure:3744: checking how to run the C preprocessor
configure:3779: gcc -E  conftest.c
configure:3785: $? = 0
configure:3817: gcc -E  conftest.c
conftest.c:12:28: error: ac_nonexistent.h: No such file or directory
configure:3823: $? = 1
configure: failed program was:
| /* confdefs.h.  */
| 
| #define PACKAGE_NAME "fuse_dfs"
| #define PACKAGE_TARNAME "fuse_dfs"
| #define PACKAGE_VERSION "0.1.0"
| #define PACKAGE_STRING "fuse_dfs 0.1.0"
| #define PACKAGE_BUGREPORT ""
| #ifdef __cplusplus
| extern "C" void std::exit (int) throw (); using std::exit;
| #endif
| /* end confdefs.h.  */
| #include <ac_nonexistent.h>
configure:3862: result: gcc -E
configure:3886: gcc -E  conftest.c
configure:3892: $? = 0
configure:3924: gcc -E  conftest.c
conftest.c:12:28: error: ac_nonexistent.h: No such file or directory
configure:3930: $? = 1
configure: failed program was:
| /* confdefs.h.  */
| 
| #define PACKAGE_NAME "fuse_dfs"
| #define PACKAGE_TARNAME "fuse_dfs"
| #define PACKAGE_VERSION "0.1.0"
| #define PACKAGE_STRING "fuse_dfs 0.1.0"
| #define PACKAGE_BUGREPORT ""
| #ifdef __cplusplus
| extern "C" void std::exit (int) throw (); using std::exit;
| #endif
| /* end confdefs.h.  */
| #include <ac_nonexistent.h>
configure:3974: checking for egrep
configure:3984: result: grep -E
configure:3989: checking for uid_t in sys/types.h
configure:4012: result: yes
configure:4027: checking type of array argument to getgroups
configure:4065: gcc -o conftest -g -O2   conftest.c  >&5
conftest.c: In function 'main':
conftest.c:32: warning: incompatible implicit declaration of built-in function 'exit'
configure:4068: $? = 0
configure:4070: ./conftest
configure:4073: $? = 0
configure:4106: result: gid_t
configure:4114: checking for ANSI C header files
configure:4139: gcc -c -g -O2  conftest.c >&5
configure:4145: $? = 0
configure:4149: test -z 
			 || test ! -s conftest.err
configure:4152: $? = 0
configure:4155: test -s conftest.o
configure:4158: $? = 0
configure:4247: gcc -o conftest -g -O2   conftest.c  >&5
conftest.c: In function 'main':
conftest.c:30: warning: incompatible implicit declaration of built-in function 'exit'
configure:4250: $? = 0
configure:4252: ./conftest
configure:4255: $? = 0
configure:4270: result: yes
configure:4294: checking for sys/types.h
configure:4310: gcc -c -g -O2  conftest.c >&5
configure:4316: $? = 0
configure:4320: test -z 
			 || test ! -s conftest.err
configure:4323: $? = 0
configure:4326: test -s conftest.o
configure:4329: $? = 0
configure:4340: result: yes
configure:4294: checking for sys/stat.h
configure:4310: gcc -c -g -O2  conftest.c >&5
configure:4316: $? = 0
configure:4320: test -z 
			 || test ! -s conftest.err
configure:4323: $? = 0
configure:4326: test -s conftest.o
configure:4329: $? = 0
configure:4340: result: yes
configure:4294: checking for stdlib.h
configure:4310: gcc -c -g -O2  conftest.c >&5
configure:4316: $? = 0
configure:4320: test -z 
			 || test ! -s conftest.err
configure:4323: $? = 0
configure:4326: test -s conftest.o
configure:4329: $? = 0
configure:4340: result: yes
configure:4294: checking for string.h
configure:4310: gcc -c -g -O2  conftest.c >&5
configure:4316: $? = 0
configure:4320: test -z 
			 || test ! -s conftest.err
configure:4323: $? = 0
configure:4326: test -s conftest.o
configure:4329: $? = 0
configure:4340: result: yes
configure:4294: checking for memory.h
configure:4310: gcc -c -g -O2  conftest.c >&5
configure:4316: $? = 0
configure:4320: test -z 
			 || test ! -s conftest.err
configure:4323: $? = 0
configure:4326: test -s conftest.o
configure:4329: $? = 0
configure:4340: result: yes
configure:4294: checking for strings.h
configure:4310: gcc -c -g -O2  conftest.c >&5
configure:4316: $? = 0
configure:4320: test -z 
			 || test ! -s conftest.err
configure:4323: $? = 0
configure:4326: test -s conftest.o
configure:4329: $? = 0
configure:4340: result: yes
configure:4294: checking for inttypes.h
configure:4310: gcc -c -g -O2  conftest.c >&5
configure:4316: $? = 0
configure:4320: test -z 
			 || test ! -s conftest.err
configure:4323: $? = 0
configure:4326: test -s conftest.o
configure:4329: $? = 0
configure:4340: result: yes
configure:4294: checking for stdint.h
configure:4310: gcc -c -g -O2  conftest.c >&5
configure:4316: $? = 0
configure:4320: test -z 
			 || test ! -s conftest.err
configure:4323: $? = 0
configure:4326: test -s conftest.o
configure:4329: $? = 0
configure:4340: result: yes
configure:4294: checking for unistd.h
configure:4310: gcc -c -g -O2  conftest.c >&5
configure:4316: $? = 0
configure:4320: test -z 
			 || test ! -s conftest.err
configure:4323: $? = 0
configure:4326: test -s conftest.o
configure:4329: $? = 0
configure:4340: result: yes
configure:4352: checking for size_t
configure:4376: gcc -c -g -O2  conftest.c >&5
configure:4382: $? = 0
configure:4386: test -z 
			 || test ! -s conftest.err
configure:4389: $? = 0
configure:4392: test -s conftest.o
configure:4395: $? = 0
configure:4406: result: yes
configure:4418: checking for getgroups
configure:4475: gcc -o conftest -g -O2   conftest.c  >&5
configure:4481: $? = 0
configure:4485: test -z 
			 || test ! -s conftest.err
configure:4488: $? = 0
configure:4491: test -s conftest
configure:4494: $? = 0
configure:4506: result: yes
configure:4587: checking for working getgroups
configure:4612: gcc -o conftest -g -O2   conftest.c  >&5
configure:4615: $? = 0
configure:4617: ./conftest
configure:4620: $? = 0
configure:4635: result: yes
configure:4647: checking type of array argument to getgroups
configure:4726: result: gid_t
configure:4747: checking Checking EXTERNAL_PATH set to
configure:4779: result: /home/gridsan/hadoop/hadoop/src/contrib/fuse-dfs
configure:4794: checking whether to enable optimized build
configure:4816: result: yes
configure:4845: checking whether to enable static mode
configure:4871: result: yes
configure:5080: creating ./config.status

## ---------------------- ##
## Running config.status. ##
## ---------------------- ##

This file was extended by fuse_dfs config.status 0.1.0, which was
generated by GNU Autoconf 2.59.  Invocation command line was

  CONFIG_FILES    = 
  CONFIG_HEADERS  = 
  CONFIG_LINKS    = 
  CONFIG_COMMANDS = 
  $ ./config.status 

on login-0-5.local

config.status:723: creating Makefile
config.status:723: creating src/Makefile
config.status:906: executing depfiles commands

## ---------------- ##
## Cache variables. ##
## ---------------- ##

ac_cv_build=x86_64-unknown-linux-gnu
ac_cv_build_alias=x86_64-unknown-linux-gnu
ac_cv_c_compiler_gnu=yes
ac_cv_cxx_compiler_gnu=yes
ac_cv_env_CC_set=
ac_cv_env_CC_value=
ac_cv_env_CFLAGS_set=
ac_cv_env_CFLAGS_value=
ac_cv_env_CPPFLAGS_set=
ac_cv_env_CPPFLAGS_value=
ac_cv_env_CPP_set=
ac_cv_env_CPP_value=
ac_cv_env_CXXFLAGS_set=
ac_cv_env_CXXFLAGS_value=
ac_cv_env_CXX_set=
ac_cv_env_CXX_value=
ac_cv_env_LDFLAGS_set=
ac_cv_env_LDFLAGS_value=
ac_cv_env_build_alias_set=
ac_cv_env_build_alias_value=
ac_cv_env_host_alias_set=
ac_cv_env_host_alias_value=
ac_cv_env_target_alias_set=
ac_cv_env_target_alias_value=
ac_cv_exeext=
ac_cv_func_getgroups=yes
ac_cv_func_getgroups_works=yes
ac_cv_header_inttypes_h=yes
ac_cv_header_memory_h=yes
ac_cv_header_stdc=yes
ac_cv_header_stdint_h=yes
ac_cv_header_stdlib_h=yes
ac_cv_header_string_h=yes
ac_cv_header_strings_h=yes
ac_cv_header_sys_stat_h=yes
ac_cv_header_sys_types_h=yes
ac_cv_header_unistd_h=yes
ac_cv_host=x86_64-unknown-linux-gnu
ac_cv_host_alias=x86_64-unknown-linux-gnu
ac_cv_objext=o
ac_cv_path_AR=/usr/bin/ar
ac_cv_path_BASH=/bin/sh
ac_cv_path_PERL=/usr/bin/perl
ac_cv_path_PYTHON=/home/gridsan/hadoop/python/bin/python
ac_cv_path_install='/usr/bin/install -c'
ac_cv_prog_AWK=gawk
ac_cv_prog_CPP='gcc -E'
ac_cv_prog_ac_ct_CC=gcc
ac_cv_prog_ac_ct_CXX=g++
ac_cv_prog_ac_ct_RANLIB=ranlib
ac_cv_prog_cc_g=yes
ac_cv_prog_cc_stdc=
ac_cv_prog_cxx_g=yes
ac_cv_prog_egrep='grep -E'
ac_cv_prog_make_make_set=yes
ac_cv_target=x86_64-unknown-linux-gnu
ac_cv_target_alias=x86_64-unknown-linux-gnu
ac_cv_type_getgroups=gid_t
ac_cv_type_size_t=yes
ac_cv_type_uid_t=yes
am_cv_CC_dependencies_compiler_type=gcc3
am_cv_CXX_dependencies_compiler_type=gcc3

## ----------------- ##
## Output variables. ##
## ----------------- ##

ACLOCAL='${SHELL} /home/gridsan/hadoop/hadoop/src/contrib/fuse-dfs/missing --run aclocal-1.9'
AMDEPBACKSLASH='\'
AMDEP_FALSE='#'
AMDEP_TRUE=''
AMTAR='${SHELL} /home/gridsan/hadoop/hadoop/src/contrib/fuse-dfs/missing --run tar'
ANT=''
AR='/usr/bin/ar'
AUTOCONF='${SHELL} /home/gridsan/hadoop/hadoop/src/contrib/fuse-dfs/missing --run autoconf'
AUTOHEADER='${SHELL} /home/gridsan/hadoop/hadoop/src/contrib/fuse-dfs/missing --run autoheader'
AUTOMAKE='${SHELL} /home/gridsan/hadoop/hadoop/src/contrib/fuse-dfs/missing --run automake-1.9'
AWK='gawk'
BASH='/bin/sh'
CC='gcc'
CCDEPMODE='depmode=gcc3'
CFLAGS='-Wall -O3'
CPP='gcc -E'
CPPFLAGS=''
CXX='g++'
CXXDEPMODE='depmode=gcc3'
CXXFLAGS='-Wall -O3'
CYGPATH_W='echo'
DEBUG_FALSE=''
DEBUG_TRUE='#'
DEFS='-DPACKAGE_NAME=\"fuse_dfs\" -DPACKAGE_TARNAME=\"fuse_dfs\" -DPACKAGE_VERSION=\"0.1.0\" -DPACKAGE_STRING=\"fuse_dfs\ 0.1.0\" -DPACKAGE_BUGREPORT=\"\" -DGETGROUPS_T=gid_t -DSTDC_HEADERS=1 -DHAVE_SYS_TYPES_H=1 -DHAVE_SYS_STAT_H=1 -DHAVE_STDLIB_H=1 -DHAVE_STRING_H=1 -DHAVE_MEMORY_H=1 -DHAVE_STRINGS_H=1 -DHAVE_INTTYPES_H=1 -DHAVE_STDINT_H=1 -DHAVE_UNISTD_H=1 -DHAVE_GETGROUPS=1 -DGETGROUPS_T=gid_t '
DEPDIR='.deps'
ECHO_C=''
ECHO_N='-n'
ECHO_T=''
EGREP='grep -E'
EXEEXT=''
EXTERNAL_PATH='/home/gridsan/hadoop/hadoop/src/contrib/fuse-dfs'
GLOBAL_FOOTER_MK='include /home/gridsan/hadoop/hadoop/src/contrib/fuse-dfs/global_footer.mk'
GLOBAL_HEADER_MK='include /home/gridsan/hadoop/hadoop/src/contrib/fuse-dfs/global_header.mk'
INSTALL_DATA='${INSTALL} -m 644'
INSTALL_PROGRAM='${INSTALL}'
INSTALL_SCRIPT='${INSTALL}'
INSTALL_STRIP_PROGRAM='${SHELL} $(install_sh) -c -s'
LDFLAGS=''
LIBOBJS=''
LIBS=''
LTLIBOBJS=''
LTYPE='.a'
MAKEINFO='${SHELL} /home/gridsan/hadoop/hadoop/src/contrib/fuse-dfs/missing --run makeinfo'
OBJEXT='o'
OPT_FALSE='#'
OPT_TRUE=''
PACKAGE='fuse_dfs'
PACKAGE_BUGREPORT=''
PACKAGE_NAME='fuse_dfs'
PACKAGE_STRING='fuse_dfs 0.1.0'
PACKAGE_TARNAME='fuse_dfs'
PACKAGE_VERSION='0.1.0'
PATH_SEPARATOR=':'
PERL='/usr/bin/perl'
PRODUCT_MK=''
PYTHON='/home/gridsan/hadoop/python/bin/python'
RANLIB='ranlib'
SET_MAKE=''
SHARED_CFLAGS=''
SHARED_CXXFLAGS=''
SHARED_FALSE=''
SHARED_LDFLAGS=''
SHARED_TRUE='#'
SHELL='/bin/sh'
STATIC_FALSE='#'
STATIC_TRUE=''
STRIP=''
VERSION='0.1.0'
ac_ct_CC='gcc'
ac_ct_CXX='g++'
ac_ct_RANLIB='ranlib'
ac_ct_STRIP=''
am__fastdepCC_FALSE='#'
am__fastdepCC_TRUE=''
am__fastdepCXX_FALSE='#'
am__fastdepCXX_TRUE=''
am__include='include'
am__leading_dot='.'
am__quote=''
am__tar='${AMTAR} chof - "$$tardir"'
am__untar='${AMTAR} xf -'
bindir='${exec_prefix}/bin'
build='x86_64-unknown-linux-gnu'
build_alias=''
build_cpu='x86_64'
build_os='linux-gnu'
build_vendor='unknown'
datadir='${prefix}/share'
exec_prefix='${prefix}'
host='x86_64-unknown-linux-gnu'
host_alias=''
host_cpu='x86_64'
host_os='linux-gnu'
host_vendor='unknown'
includedir='${prefix}/include'
infodir='${prefix}/info'
install_sh='/home/gridsan/hadoop/hadoop/src/contrib/fuse-dfs/install-sh'
libdir='${exec_prefix}/lib'
libexecdir='${exec_prefix}/libexec'
localstatedir='${prefix}/var'
mandir='${prefix}/man'
mkdir_p='mkdir -p --'
oldincludedir='/usr/include'
prefix='/home/gridsan/hadoop/hadoop/src/contrib/fuse-dfs'
program_transform_name='s,x,x,'
sbindir='${exec_prefix}/sbin'
sharedstatedir='${prefix}/com'
sysconfdir='${prefix}/etc'
target='x86_64-unknown-linux-gnu'
target_alias=''
target_cpu='x86_64'
target_os='linux-gnu'
target_vendor='unknown'

## ----------- ##
## confdefs.h. ##
## ----------- ##

#define GETGROUPS_T gid_t
#define GETGROUPS_T gid_t
#define HAVE_GETGROUPS 1
#define HAVE_INTTYPES_H 1
#define HAVE_MEMORY_H 1
#define HAVE_STDINT_H 1
#define HAVE_STDLIB_H 1
#define HAVE_STRINGS_H 1
#define HAVE_STRING_H 1
#define HAVE_SYS_STAT_H 1
#define HAVE_SYS_TYPES_H 1
#define HAVE_UNISTD_H 1
#define PACKAGE_BUGREPORT ""
#define PACKAGE_NAME "fuse_dfs"
#define PACKAGE_STRING "fuse_dfs 0.1.0"
#define PACKAGE_TARNAME "fuse_dfs"
#define PACKAGE_VERSION "0.1.0"
#define STDC_HEADERS 1
#endif
#ifdef __cplusplus
extern "C" void std::exit (int) throw (); using std::exit;

configure: exit 0
